<?xml version="1.0" encoding="UTF-8"?>
<testsuite name="Connection Scheme Service Implementation Tests - Kafka Version" tests="15" skipped="0" failures="0" errors="0" timestamp="2025-10-18T11:43:51.234Z" hostname="Yurik" time="4.057">
  <properties/>
  <testcase name="Create scheme - Positive" classname="com.service.connectionscheme.ApiConnectionSchemeServiceImplTest" time="3.768"/>
  <testcase name="Update scheme - Negative: Client UID change attempt" classname="com.service.connectionscheme.ApiConnectionSchemeServiceImplTest" time="0.012"/>
  <testcase name="Update scheme - Positive" classname="com.service.connectionscheme.ApiConnectionSchemeServiceImplTest" time="0.005"/>
  <testcase name="Delete scheme - Positive" classname="com.service.connectionscheme.ApiConnectionSchemeServiceImplTest" time="0.005"/>
  <testcase name="Create scheme - Negative: Scheme already exists" classname="com.service.connectionscheme.ApiConnectionSchemeServiceImplTest" time="0.005"/>
  <testcase name="Health check - Positive" classname="com.service.connectionscheme.ApiConnectionSchemeServiceImplTest" time="0.013"/>
  <testcase name="Update scheme - Negative: UID change attempt" classname="com.service.connectionscheme.ApiConnectionSchemeServiceImplTest" time="0.004"/>
  <testcase name="Health check - Negative: Auth service error" classname="com.service.connectionscheme.ApiConnectionSchemeServiceImplTest" time="0.003"/>
  <testcase name="Create scheme - Negative: Client UID mismatch" classname="com.service.connectionscheme.ApiConnectionSchemeServiceImplTest" time="0.005"/>
  <testcase name="Scheme exists - Negative: Scheme not found" classname="com.service.connectionscheme.ApiConnectionSchemeServiceImplTest" time="0.004"/>
  <testcase name="Health check - Negative: Auth service timeout" classname="com.service.connectionscheme.ApiConnectionSchemeServiceImplTest" time="0.011"/>
  <testcase name="Get scheme by UID - Positive" classname="com.service.connectionscheme.ApiConnectionSchemeServiceImplTest" time="0.005"/>
  <testcase name="Scheme exists - Positive" classname="com.service.connectionscheme.ApiConnectionSchemeServiceImplTest" time="0.003"/>
  <testcase name="Get schemes by client - Positive" classname="com.service.connectionscheme.ApiConnectionSchemeServiceImplTest" time="0.006"/>
  <testcase name="Get scheme by UID - Negative: Scheme doesn't belong to client" classname="com.service.connectionscheme.ApiConnectionSchemeServiceImplTest" time="0.007"/>
  <system-out><![CDATA[14:43:54.327 [ForkJoinPool-1-worker-1] INFO com.service.connectionscheme.ConnectionSchemeServiceImpl -- Connection scheme created: 323e4567-e89b-12d3-a456-426614174003 for client: 123e4567-e89b-12d3-a456-426614174000
14:43:55.180 [ForkJoinPool-1-worker-1] INFO com.service.connectionscheme.ConnectionSchemeServiceImpl -- Connection scheme updated: 323e4567-e89b-12d3-a456-426614174003 for client: 123e4567-e89b-12d3-a456-426614174000
14:43:55.189 [ForkJoinPool-1-worker-1] INFO com.service.connectionscheme.ConnectionSchemeServiceImpl -- Connection scheme deleted: 323e4567-e89b-12d3-a456-426614174003 for client: 123e4567-e89b-12d3-a456-426614174000
14:43:55.251 [ForkJoinPool-1-worker-1] ERROR com.service.connectionscheme.ConnectionSchemeServiceImpl -- Kafka Client: 
java.util.concurrent.ExecutionException: java.util.concurrent.TimeoutException: Timeout
	at java.base/java.util.concurrent.CompletableFuture.reportGet(CompletableFuture.java:396)
	at java.base/java.util.concurrent.CompletableFuture.get(CompletableFuture.java:2096)
	at com.service.connectionscheme.ConnectionSchemeServiceImpl.getHealthStatus_aroundBody14(ConnectionSchemeServiceImpl.java:144)
	at com.service.connectionscheme.ConnectionSchemeServiceImpl$AjcClosure15.run(ConnectionSchemeServiceImpl.java:1)
	at org.springframework.transaction.aspectj.AbstractTransactionAspect.ajc$around$org_springframework_transaction_aspectj_AbstractTransactionAspect$1$2a73e96cproceed(AbstractTransactionAspect.aj:67)
	at org.springframework.transaction.aspectj.AbstractTransactionAspect$AbstractTransactionAspect$1.proceedWithInvocation(AbstractTransactionAspect.aj:73)
	at org.springframework.transaction.interceptor.TransactionAspectSupport.invokeWithinTransaction(TransactionAspectSupport.java:380)
	at org.springframework.transaction.aspectj.AbstractTransactionAspect.ajc$around$org_springframework_transaction_aspectj_AbstractTransactionAspect$1$2a73e96c(AbstractTransactionAspect.aj:71)
	at com.service.connectionscheme.ConnectionSchemeServiceImpl.getHealthStatus(ConnectionSchemeServiceImpl.java:143)
	at com.service.connectionscheme.ApiConnectionSchemeServiceImplTest.shouldHandleAuthServiceTimeoutInHealthCheck(ConnectionSchemeServiceImplTest.java:401)
	at java.base/jdk.internal.reflect.DirectMethodHandleAccessor.invoke(DirectMethodHandleAccessor.java:103)
	at java.base/java.lang.reflect.Method.invoke(Method.java:580)
	at org.junit.platform.commons.util.ReflectionUtils.invokeMethod(ReflectionUtils.java:775)
	at org.junit.platform.commons.support.ReflectionSupport.invokeMethod(ReflectionSupport.java:479)
	at org.junit.jupiter.engine.execution.MethodInvocation.proceed(MethodInvocation.java:60)
	at org.junit.jupiter.engine.execution.InvocationInterceptorChain$ValidatingInvocation.proceed(InvocationInterceptorChain.java:131)
	at org.junit.jupiter.api.extension.InvocationInterceptor.interceptTestMethod(InvocationInterceptor.java:129)
	at org.junit.jupiter.engine.execution.InterceptingExecutableInvoker$ReflectiveInterceptorCall.lambda$ofVoidMethod$0(InterceptingExecutableInvoker.java:112)
	at org.junit.jupiter.engine.execution.InterceptingExecutableInvoker.lambda$invoke$0(InterceptingExecutableInvoker.java:94)
	at org.junit.jupiter.engine.execution.InvocationInterceptorChain$InterceptedInvocation.proceed(InvocationInterceptorChain.java:106)
	at org.junit.jupiter.engine.extension.TimeoutExtension.intercept(TimeoutExtension.java:161)
	at org.junit.jupiter.engine.extension.TimeoutExtension.interceptTestableMethod(TimeoutExtension.java:152)
	at org.junit.jupiter.engine.extension.TimeoutExtension.interceptTestMethod(TimeoutExtension.java:91)
	at org.junit.jupiter.engine.execution.InterceptingExecutableInvoker$ReflectiveInterceptorCall.lambda$ofVoidMethod$0(InterceptingExecutableInvoker.java:112)
	at org.junit.jupiter.engine.execution.InterceptingExecutableInvoker.lambda$invoke$0(InterceptingExecutableInvoker.java:94)
	at org.junit.jupiter.engine.execution.InvocationInterceptorChain$InterceptedInvocation.proceed(InvocationInterceptorChain.java:106)
	at org.junit.jupiter.engine.execution.InvocationInterceptorChain.proceed(InvocationInterceptorChain.java:64)
	at org.junit.jupiter.engine.execution.InvocationInterceptorChain.chainAndInvoke(InvocationInterceptorChain.java:45)
	at org.junit.jupiter.engine.execution.InvocationInterceptorChain.invoke(InvocationInterceptorChain.java:37)
	at org.junit.jupiter.engine.execution.InterceptingExecutableInvoker.invoke(InterceptingExecutableInvoker.java:93)
	at org.junit.jupiter.engine.execution.InterceptingExecutableInvoker.invoke(InterceptingExecutableInvoker.java:87)
	at org.junit.jupiter.engine.descriptor.TestMethodTestDescriptor.lambda$invokeTestMethod$7(TestMethodTestDescriptor.java:216)
	at org.junit.platform.engine.support.hierarchical.ThrowableCollector.execute(ThrowableCollector.java:73)
	at org.junit.jupiter.engine.descriptor.TestMethodTestDescriptor.invokeTestMethod(TestMethodTestDescriptor.java:212)
	at org.junit.jupiter.engine.descriptor.TestMethodTestDescriptor.execute(TestMethodTestDescriptor.java:137)
	at org.junit.jupiter.engine.descriptor.TestMethodTestDescriptor.execute(TestMethodTestDescriptor.java:69)
	at org.junit.platform.engine.support.hierarchical.NodeTestTask.lambda$executeRecursively$6(NodeTestTask.java:156)
	at org.junit.platform.engine.support.hierarchical.ThrowableCollector.execute(ThrowableCollector.java:73)
	at org.junit.platform.engine.support.hierarchical.NodeTestTask.lambda$executeRecursively$8(NodeTestTask.java:146)
	at org.junit.platform.engine.support.hierarchical.Node.around(Node.java:137)
	at org.junit.platform.engine.support.hierarchical.NodeTestTask.lambda$executeRecursively$9(NodeTestTask.java:144)
	at org.junit.platform.engine.support.hierarchical.ThrowableCollector.execute(ThrowableCollector.java:73)
	at org.junit.platform.engine.support.hierarchical.NodeTestTask.executeRecursively(NodeTestTask.java:143)
	at org.junit.platform.engine.support.hierarchical.NodeTestTask.execute(NodeTestTask.java:100)
	at org.junit.platform.engine.support.hierarchical.ForkJoinPoolHierarchicalTestExecutorService$ExclusiveTask.exec(ForkJoinPoolHierarchicalTestExecutorService.java:274)
	at org.junit.platform.engine.support.hierarchical.ForkJoinPoolHierarchicalTestExecutorService$ExclusiveTask.execSync(ForkJoinPoolHierarchicalTestExecutorService.java:247)
	at org.junit.platform.engine.support.hierarchical.ForkJoinPoolHierarchicalTestExecutorService.executeSync(ForkJoinPoolHierarchicalTestExecutorService.java:194)
	at org.junit.platform.engine.support.hierarchical.ForkJoinPoolHierarchicalTestExecutorService.invokeAll(ForkJoinPoolHierarchicalTestExecutorService.java:166)
	at org.junit.platform.engine.support.hierarchical.NodeTestTask.lambda$executeRecursively$6(NodeTestTask.java:160)
	at org.junit.platform.engine.support.hierarchical.ThrowableCollector.execute(ThrowableCollector.java:73)
	at org.junit.platform.engine.support.hierarchical.NodeTestTask.lambda$executeRecursively$8(NodeTestTask.java:146)
	at org.junit.platform.engine.support.hierarchical.Node.around(Node.java:137)
	at org.junit.platform.engine.support.hierarchical.NodeTestTask.lambda$executeRecursively$9(NodeTestTask.java:144)
	at org.junit.platform.engine.support.hierarchical.ThrowableCollector.execute(ThrowableCollector.java:73)
	at org.junit.platform.engine.support.hierarchical.NodeTestTask.executeRecursively(NodeTestTask.java:143)
	at org.junit.platform.engine.support.hierarchical.NodeTestTask.execute(NodeTestTask.java:100)
	at org.junit.platform.engine.support.hierarchical.ForkJoinPoolHierarchicalTestExecutorService$ExclusiveTask.exec(ForkJoinPoolHierarchicalTestExecutorService.java:274)
	at org.junit.platform.engine.support.hierarchical.ForkJoinPoolHierarchicalTestExecutorService$ExclusiveTask.execSync(ForkJoinPoolHierarchicalTestExecutorService.java:247)
	at org.junit.platform.engine.support.hierarchical.ForkJoinPoolHierarchicalTestExecutorService.invokeAll(ForkJoinPoolHierarchicalTestExecutorService.java:159)
	at org.junit.platform.engine.support.hierarchical.NodeTestTask.lambda$executeRecursively$6(NodeTestTask.java:160)
	at org.junit.platform.engine.support.hierarchical.ThrowableCollector.execute(ThrowableCollector.java:73)
	at org.junit.platform.engine.support.hierarchical.NodeTestTask.lambda$executeRecursively$8(NodeTestTask.java:146)
	at org.junit.platform.engine.support.hierarchical.Node.around(Node.java:137)
	at org.junit.platform.engine.support.hierarchical.NodeTestTask.lambda$executeRecursively$9(NodeTestTask.java:144)
	at org.junit.platform.engine.support.hierarchical.ThrowableCollector.execute(ThrowableCollector.java:73)
	at org.junit.platform.engine.support.hierarchical.NodeTestTask.executeRecursively(NodeTestTask.java:143)
	at org.junit.platform.engine.support.hierarchical.NodeTestTask.execute(NodeTestTask.java:100)
	at org.junit.platform.engine.support.hierarchical.ForkJoinPoolHierarchicalTestExecutorService$ExclusiveTask.exec(ForkJoinPoolHierarchicalTestExecutorService.java:274)
	at java.base/java.util.concurrent.ForkJoinTask.doExec(ForkJoinTask.java:387)
	at java.base/java.util.concurrent.ForkJoinPool$WorkQueue.topLevelExec(ForkJoinPool.java:1312)
	at java.base/java.util.concurrent.ForkJoinPool.scan(ForkJoinPool.java:1843)
	at java.base/java.util.concurrent.ForkJoinPool.runWorker(ForkJoinPool.java:1808)
	at java.base/java.util.concurrent.ForkJoinWorkerThread.run(ForkJoinWorkerThread.java:188)
Caused by: java.util.concurrent.TimeoutException: Timeout
	at com.service.connectionscheme.ApiConnectionSchemeServiceImplTest.shouldHandleAuthServiceTimeoutInHealthCheck(ConnectionSchemeServiceImplTest.java:395)
	... 63 common frames omitted
]]></system-out>
  <system-err><![CDATA[Mockito is currently self-attaching to enable the inline-mock-maker. This will no longer work in future releases of the JDK. Please add Mockito as an agent to your build as described in Mockito's documentation: https://javadoc.io/doc/org.mockito/mockito-core/latest/org.mockito/org/mockito/Mockito.html#0.3
WARNING: A Java agent has been loaded dynamically (/home/yurik/.gradle/caches/modules-2/files-2.1/net.bytebuddy/byte-buddy-agent/1.17.7/fbf3d6d649ed37fc9e9c59480a05be0a26e3c2da/byte-buddy-agent-1.17.7.jar)
WARNING: If a serviceability tool is in use, please run with -XX:+EnableDynamicAgentLoading to hide this warning
WARNING: If a serviceability tool is not in use, please run with -Djdk.instrument.traceUsage for more information
WARNING: Dynamic loading of agents will be disallowed by default in a future release
]]></system-err>
</testsuite>
